<?xml version="1.0" encoding="UTF-8"?>
<testsuite xmlns:xsi="http://www.w3.org/2001/XMLSchema-instance" xsi:noNamespaceSchemaLocation="https://maven.apache.org/surefire/maven-surefire-plugin/xsd/surefire-test-report-3.0.xsd" version="3.0" name="Cucumber_options.Testrunner" time="16.883" tests="1" errors="0" skipped="0" failures="0">
  <properties>
[...]
</properties>
  <testcase name="verify if place is being succesfully added by addplace api" classname="validating place api" time="13.999">
    <system-out><![CDATA[HOOKS EXECUTED
]]></system-out>
  </testcase>
</testsuite>